<?xml version="1.0" encoding="UTF-8"?>
<beans xmlns="http://www.springframework.org/schema/beans"
	xmlns:xsi="http://www.w3.org/2001/XMLSchema-instance" xmlns:jdbc="http://www.springframework.org/schema/jdbc"
	xmlns:context="http://www.springframework.org/schema/context" xmlns:tx="http://www.springframework.org/schema/tx"
	xmlns:util="http://www.springframework.org/schema/util" xmlns:cache="http://www.springframework.org/schema/cache"
	xsi:schemaLocation="http://www.springframework.org/schema/jdbc http://www.springframework.org/schema/jdbc/spring-jdbc-3.2.xsd
 		http://www.springframework.org/schema/beans http://www.springframework.org/schema/beans/spring-beans-3.2.xsd 
 		http://www.springframework.org/schema/context http://www.springframework.org/schema/context/spring-context-3.2.xsd
 		http://www.springframework.org/schema/tx http://www.springframework.org/schema/tx/spring-tx-3.2.xsd 
		http://www.springframework.org/schema/util http://www.springframework.org/schema/util/spring-util-3.2.xsd
		http://www.springframework.org/schema/cache http://www.springframework.org/schema/cache/spring-cache-3.2.xsd">

	<context:component-scan base-package="com.cvut" />
	
	<jdbc:embedded-database id="dataSource" type="H2"></jdbc:embedded-database>
	
	<!-- property files loading -->
	<bean class="org.springframework.beans.factory.config.PropertyPlaceholderConfigurer">
		<property name="location" value="naKup_unit.properties" />
	</bean>
	
	<tx:annotation-driven transaction-manager="transactionManager" />

	<bean id="entityManagerFactory"
		class="org.springframework.orm.jpa.LocalContainerEntityManagerFactoryBean">
		<property name="dataSource" ref="dataSource" />
		<property name="persistenceUnitName" value="NaKupTestPU" />
		<property name="jpaPropertyMap">
			<util:map>
				<entry key="hibernate.hbm2ddl.auto" value="${hibernate.hbm2ddl.auto:none}" />
				<entry key="hibernate.show_sql" value="${hibernate.show_sql:false}" />
				<entry key="hibernate.format_sql" value="${hibernate.format_sql:false}" />
				<entry key="hibernate.dialect" value="${hibernate.dialect}" />
			</util:map>
		</property>
	</bean>

	<!-- Declare a transaction manager -->
	<bean id="transactionManager" class="org.springframework.orm.jpa.JpaTransactionManager">
		<property name="entityManagerFactory" ref="entityManagerFactory" />
	</bean>

</beans>
